actions/customers.ts(34,28): error TS2304: Cannot find name 'createClient'.
actions/customers.ts(51,28): error TS2304: Cannot find name 'createClient'.
actions/customers.ts(69,28): error TS2304: Cannot find name 'createClient'.
actions/customers.ts(96,54): error TS2339: Property 'errors' does not exist on type 'ZodError<{ name: string; phone?: string | null | undefined; lineId?: string | null | undefined; address?: string | null | undefined; taxId?: string | null | undefined; }>'.
actions/customers.ts(100,28): error TS2304: Cannot find name 'createClient'.
actions/customers.ts(126,5): error TS2304: Cannot find name 'revalidatePath'.
actions/customers.ts(140,54): error TS2339: Property 'errors' does not exist on type 'ZodError<{ name: string; phone?: string | null | undefined; lineId?: string | null | undefined; address?: string | null | undefined; taxId?: string | null | undefined; }>'.
actions/customers.ts(144,28): error TS2304: Cannot find name 'createClient'.
actions/customers.ts(163,5): error TS2304: Cannot find name 'revalidatePath'.
actions/customers.ts(174,28): error TS2304: Cannot find name 'createClient'.
actions/customers.ts(197,5): error TS2304: Cannot find name 'revalidatePath'.
app/billing/new/page.tsx(165,17): error TS2322: Type '{ name: string; description: string; width: number | null; height: number | null; quantity: number; unitPrice: number; totalPrice: number; }[]' is not assignable to type '{ quantity: number; unitPrice: number; discount: number; name?: string | null | undefined; description?: string | null | undefined; width?: number | null | undefined; height?: number | null | undefined; totalPrice?: number | ... 1 more ... | undefined; }[]'.
  Property 'discount' is missing in type '{ name: string; description: string; width: number | null; height: number | null; quantity: number; unitPrice: number; totalPrice: number; }' but required in type '{ quantity: number; unitPrice: number; discount: number; name?: string | null | undefined; description?: string | null | undefined; width?: number | null | undefined; height?: number | null | undefined; totalPrice?: number | ... 1 more ... | undefined; }'.
app/billing/new/page.tsx(409,34): error TS2304: Cannot find name 'Factory'.
app/customers/page.tsx(326,37): error TS2322: Type 'string | null | undefined' is not assignable to type 'string | number | readonly string[] | undefined'.
  Type 'null' is not assignable to type 'string | number | readonly string[] | undefined'.
app/customers/page.tsx(345,41): error TS2322: Type 'string | null | undefined' is not assignable to type 'string | number | readonly string[] | undefined'.
  Type 'null' is not assignable to type 'string | number | readonly string[] | undefined'.
app/customers/page.tsx(361,33): error TS2322: Type 'string | null | undefined' is not assignable to type 'string | number | readonly string[] | undefined'.
  Type 'null' is not assignable to type 'string | number | readonly string[] | undefined'.
app/customers/page.tsx(374,33): error TS2322: Type 'string | null | undefined' is not assignable to type 'string | number | readonly string[] | undefined'.
  Type 'null' is not assignable to type 'string | number | readonly string[] | undefined'.
app/invoices/new/page.tsx(147,17): error TS2353: Object literal may only specify known properties, and 'notes' does not exist in type '{ customerId: string; totalAmount: number; vatAmount: number; grandTotal: number; isTaxInvoice?: boolean | undefined; orderId?: string | null | undefined; organizationId?: string | null | undefined; dueDate?: string | ... 1 more ... | undefined; }'.
app/jobs/new/page.tsx(124,21): error TS2741: Property 'discount' is missing in type '{ name: string; description: string | undefined; width: number; height: number; quantity: number; unitPrice: number; totalPrice: number; }' but required in type '{ quantity: number; unitPrice: number; discount: number; name?: string | null | undefined; description?: string | null | undefined; width?: number | null | undefined; height?: number | null | undefined; totalPrice?: number | ... 1 more ... | undefined; }'.
app/stock/page.tsx(76,34): error TS2345: Argument of type '{ name: string; type: string; inStock: number; minStock: number; costPrice: number; sellingPrice: number; unit: string; }' is not assignable to parameter of type '{ name: string; type: "VINYL" | "SUBSTRATE" | "LAMINATE" | "INK" | "OTHER"; inStock: number; unit: string; costPrice: number; sellingPrice: number; wasteFactor: number; }'.
  Property 'wasteFactor' is missing in type '{ name: string; type: string; inStock: number; minStock: number; costPrice: number; sellingPrice: number; unit: string; }' but required in type '{ name: string; type: "VINYL" | "SUBSTRATE" | "LAMINATE" | "INK" | "OTHER"; inStock: number; unit: string; costPrice: number; sellingPrice: number; wasteFactor: number; }'.
