actions/customers.ts(34,28): error TS2304: Cannot find name 'createClient'.
actions/customers.ts(51,28): error TS2304: Cannot find name 'createClient'.
actions/customers.ts(69,28): error TS2304: Cannot find name 'createClient'.
actions/customers.ts(96,54): error TS2339: Property 'errors' does not exist on type 'ZodError<{ name: string; phone?: string | null | undefined; lineId?: string | null | undefined; address?: string | null | undefined; taxId?: string | null | undefined; }>'.
actions/customers.ts(100,28): error TS2304: Cannot find name 'createClient'.
actions/customers.ts(126,5): error TS2304: Cannot find name 'revalidatePath'.
actions/customers.ts(140,54): error TS2339: Property 'errors' does not exist on type 'ZodError<{ name: string; phone?: string | null | undefined; lineId?: string | null | undefined; address?: string | null | undefined; taxId?: string | null | undefined; }>'.
actions/customers.ts(144,28): error TS2304: Cannot find name 'createClient'.
actions/customers.ts(163,5): error TS2304: Cannot find name 'revalidatePath'.
actions/customers.ts(174,28): error TS2304: Cannot find name 'createClient'.
actions/customers.ts(197,5): error TS2304: Cannot find name 'revalidatePath'.
actions/quotations.ts(203,13): error TS2322: Type '{}' is not assignable to type 'number'.
actions/quotations.ts(204,13): error TS2322: Type '{}' is not assignable to type 'number'.
actions/quotations.ts(205,13): error TS2322: Type '{}' is not assignable to type 'number'.
app/customers/page.tsx(326,37): error TS2322: Type 'string | null | undefined' is not assignable to type 'string | number | readonly string[] | undefined'.
  Type 'null' is not assignable to type 'string | number | readonly string[] | undefined'.
app/customers/page.tsx(345,41): error TS2322: Type 'string | null | undefined' is not assignable to type 'string | number | readonly string[] | undefined'.
  Type 'null' is not assignable to type 'string | number | readonly string[] | undefined'.
app/customers/page.tsx(361,33): error TS2322: Type 'string | null | undefined' is not assignable to type 'string | number | readonly string[] | undefined'.
  Type 'null' is not assignable to type 'string | number | readonly string[] | undefined'.
app/customers/page.tsx(374,33): error TS2322: Type 'string | null | undefined' is not assignable to type 'string | number | readonly string[] | undefined'.
  Type 'null' is not assignable to type 'string | number | readonly string[] | undefined'.
app/stock/page.tsx(76,34): error TS2345: Argument of type '{ name: string; type: string; inStock: number; minStock: number; costPrice: number; sellingPrice: number; unit: string; }' is not assignable to parameter of type '{ name: string; type: "VINYL" | "SUBSTRATE" | "LAMINATE" | "INK" | "OTHER"; inStock?: unknown; unit?: string | undefined; costPrice?: unknown; sellingPrice?: unknown; wasteFactor?: unknown; }'.
  Types of property 'type' are incompatible.
    Type 'string' is not assignable to type '"VINYL" | "SUBSTRATE" | "LAMINATE" | "INK" | "OTHER"'.
